In file included from [01m[K/home/bartek/prosty_robot_ws/src/prosty_robot_description/src/simple_controller.cpp:1[m[K:
[01m[K/home/bartek/prosty_robot_ws/src/prosty_robot_description/include/prosty_robot_description/simple_controller.hpp:5:10:[m[K [01;31m[Kfatal error: [m[Kgeometry_msgs/msg/Twist.hpp: No such file or directory
    5 | #include [01;31m[K<geometry_msgs/msg/Twist.hpp>[m[K
      |          [01;31m[K^~~~~~~~~~~~~~~~~~~~~~~~~~~~~[m[K
compilation terminated.
gmake[2]: *** [CMakeFiles/simple_controller.dir/build.make:76: CMakeFiles/simple_controller.dir/src/simple_controller.cpp.o] Error 1
gmake[1]: *** [CMakeFiles/Makefile2:137: CMakeFiles/simple_controller.dir/all] Error 2
gmake: *** [Makefile:146: all] Error 2
