[0.057s] Invoking command in '/home/bartek/prosty_robot_ws/build/prosty_robot_description': CMAKE_PREFIX_PATH=/opt/ros/humble /usr/bin/cmake --build /home/bartek/prosty_robot_ws/build/prosty_robot_description -- -j6 -l6
[0.096s] [35m[1mConsolidate compiler generated dependencies of target simple_controller[0m
[0.117s] [ 50%] [32mBuilding CXX object CMakeFiles/simple_controller.dir/src/simple_controller.cpp.o[0m
[0.366s] In file included from [01m[K/home/bartek/prosty_robot_ws/src/prosty_robot_description/src/simple_controller.cpp:1[m[K:
[0.366s] [01m[K/home/bartek/prosty_robot_ws/src/prosty_robot_description/include/prosty_robot_description/simple_controller.hpp:5:10:[m[K [01;31m[Kfatal error: [m[Kgeometry_msgs/msg/Twist.hpp: No such file or directory
[0.366s]     5 | #include [01;31m[K<geometry_msgs/msg/Twist.hpp>[m[K
[0.366s]       |          [01;31m[K^~~~~~~~~~~~~~~~~~~~~~~~~~~~~[m[K
[0.366s] compilation terminated.
[0.369s] gmake[2]: *** [CMakeFiles/simple_controller.dir/build.make:76: CMakeFiles/simple_controller.dir/src/simple_controller.cpp.o] Error 1
[0.369s] gmake[1]: *** [CMakeFiles/Makefile2:137: CMakeFiles/simple_controller.dir/all] Error 2
[0.369s] gmake: *** [Makefile:146: all] Error 2
[0.371s] Invoked command in '/home/bartek/prosty_robot_ws/build/prosty_robot_description' returned '2': CMAKE_PREFIX_PATH=/opt/ros/humble /usr/bin/cmake --build /home/bartek/prosty_robot_ws/build/prosty_robot_description -- -j6 -l6
