[0.054s] Invoking command in '/home/bartek/prosty_robot_ws/build/prosty_robot_description': CMAKE_PREFIX_PATH=/opt/ros/humble /usr/bin/cmake --build /home/bartek/prosty_robot_ws/build/prosty_robot_description -- -j6 -l6
[0.074s] -- Found ament_cmake: 1.3.8 (/opt/ros/humble/share/ament_cmake/cmake)
[0.182s] -- Found urdf: 2.6.0 (/opt/ros/humble/share/urdf/cmake)
[0.248s] -- Found rclcpp: 16.0.8 (/opt/ros/humble/share/rclcpp/cmake)
[0.571s] -- Found rosidl_generator_c: 3.1.5 (/opt/ros/humble/share/rosidl_generator_c/cmake)
[0.613s] -- Found rosidl_adapter: 3.1.5 (/opt/ros/humble/share/rosidl_adapter/cmake)
[0.668s] -- Found rosidl_generator_cpp: 3.1.5 (/opt/ros/humble/share/rosidl_generator_cpp/cmake)
[0.773s] -- Using all available rosidl_typesupport_c: rosidl_typesupport_fastrtps_c;rosidl_typesupport_introspection_c
[0.854s] -- Using all available rosidl_typesupport_cpp: rosidl_typesupport_fastrtps_cpp;rosidl_typesupport_introspection_cpp
[1.096s] -- Found rmw_implementation_cmake: 6.1.1 (/opt/ros/humble/share/rmw_implementation_cmake/cmake)
[1.110s] -- Found rmw_cyclonedds_cpp: 1.3.4 (/opt/ros/humble/share/rmw_cyclonedds_cpp/cmake)
[1.276s] -- Using RMW implementation 'rmw_cyclonedds_cpp' as default
[1.352s] -- Looking for pthread.h
[1.432s] -- Looking for pthread.h - found
[1.447s] -- Performing Test CMAKE_HAVE_LIBC_PTHREAD
[1.533s] -- Performing Test CMAKE_HAVE_LIBC_PTHREAD - Success
[1.534s] -- Found Threads: TRUE  
[2.907s] -- Found geometry_msgs: 4.2.3 (/opt/ros/humble/share/geometry_msgs/cmake)
[2.997s] -- Found ament_lint_auto: 0.12.10 (/opt/ros/humble/share/ament_lint_auto/cmake)
[3.061s] -- Added test 'copyright' to check source files copyright and LICENSE
[3.063s] -- Added test 'cppcheck' to perform static code analysis on C / C++ code
[3.063s] -- Configured cppcheck include dirs: /home/bartek/prosty_robot_ws/src/prosty_robot_description/include
[3.063s] -- Configured cppcheck exclude dirs and/or files: 
[3.065s] -- Added test 'cpplint' to check C / C++ code against the Google style
[3.065s] -- Configured cpplint exclude dirs and/or files: 
[3.065s] -- Added test 'flake8' to check Python code syntax and style conventions
[3.066s] -- Added test 'lint_cmake' to check CMake code style
[3.067s] -- Added test 'pep257' to check Python code against some of the docstring style conventions in PEP 257
[3.069s] -- Added test 'uncrustify' to check C / C++ code style
[3.069s] -- Configured uncrustify additional arguments: 
[3.069s] -- Added test 'xmllint' to check XML markup files
[3.070s] -- Configuring done
[3.091s] -- Generating done
[3.093s] -- Build files have been written to: /home/bartek/prosty_robot_ws/build/prosty_robot_description
[3.125s] [ 50%] [32mBuilding CXX object CMakeFiles/simple_controller.dir/src/simple_controller.cpp.o[0m
[3.153s] [01m[K/home/bartek/prosty_robot_ws/src/prosty_robot_description/src/simple_controller.cpp:1:10:[m[K [01;31m[Kfatal error: [m[Kprosty_robot_description/simple_controller.hpp: No such file or directory
[3.154s]     1 | #include [01;31m[K"prosty_robot_description/simple_controller.hpp"[m[K
[3.154s]       |          [01;31m[K^~~~~~~~~~~~~~~~~~~~~~~~~~~~~~~~~~~~~~~~~~~~~~~~[m[K
[3.154s] compilation terminated.
[3.155s] gmake[2]: *** [CMakeFiles/simple_controller.dir/build.make:76: CMakeFiles/simple_controller.dir/src/simple_controller.cpp.o] Error 1
[3.156s] gmake[1]: *** [CMakeFiles/Makefile2:137: CMakeFiles/simple_controller.dir/all] Error 2
[3.156s] gmake: *** [Makefile:146: all] Error 2
[3.158s] Invoked command in '/home/bartek/prosty_robot_ws/build/prosty_robot_description' returned '2': CMAKE_PREFIX_PATH=/opt/ros/humble /usr/bin/cmake --build /home/bartek/prosty_robot_ws/build/prosty_robot_description -- -j6 -l6
